<?xml version="1.0" encoding="UTF-8"?>
<!-- Generated by org.testng.reporters.JUnitReportReporter -->
<testsuite hostname="LAPTOP-NN832NBC" failures="0" tests="1" name="tests.ProductTest" time="14.439" errors="0" timestamp="2022-09-26T21:55:41 BST" skipped="0">
  <testcase classname="tests.ProductTest" name="products" time="14.439"/>
  <system-out/>
</testsuite> <!-- tests.ProductTest -->
